[    0.000000] Linux version 4.15.0-194-generic (buildd@lcy02-amd64-052) (gcc version 7.5.0 (Ubuntu 7.5.0-3ubuntu1~18.04)) #205-Ubuntu SMP Fri Sep 16 19:49:27 UTC 2022 (Ubuntu 4.15.0-194.205-generic 4.15.18)
[    0.000000] Command line: BOOT_IMAGE=/boot/vmlinuz-4.15.0-194-generic root=LABEL=cloudimg-rootfs ro console=tty1 console=ttyS0
[    0.000000] KERNEL supported cpus:
[    0.000000]   Intel GenuineIntel
[    0.000000]   AMD AuthenticAMD
[    0.000000]   Centaur CentaurHauls
[    0.000000] x86/fpu: Supporting XSAVE feature 0x001: 'x87 floating point registers'
[    0.000000] x86/fpu: Supporting XSAVE feature 0x002: 'SSE registers'
[    0.000000] x86/fpu: Supporting XSAVE feature 0x004: 'AVX registers'
[    0.000000] x86/fpu: xstate_offset[2]:  576, xstate_sizes[2]:  256
[    0.000000] x86/fpu: Enabled xstate features 0x7, context size is 832 bytes, using 'standard' format.
[    0.000000] e820: BIOS-provided physical RAM map:
[    0.000000] BIOS-e820: [mem 0x0000000000000000-0x000000000009fbff] usable
[    0.000000] BIOS-e820: [mem 0x000000000009fc00-0x000000000009ffff] reserved
[    0.000000] BIOS-e820: [mem 0x00000000000f0000-0x00000000000fffff] reserved
[    0.000000] BIOS-e820: [mem 0x0000000000100000-0x000000007ffeffff] usable
[    0.000000] BIOS-e820: [mem 0x000000007fff0000-0x000000007fffffff] ACPI data
[    0.000000] BIOS-e820: [mem 0x00000000fec00000-0x00000000fec00fff] reserved
[    0.000000] BIOS-e820: [mem 0x00000000fee00000-0x00000000fee00fff] reserved
[    0.000000] BIOS-e820: [mem 0x00000000fffc0000-0x00000000ffffffff] reserved
[    0.000000] NX (Execute Disable) protection: active
[    0.000000] SMBIOS 2.5 present.
[    0.000000] DMI: innotek GmbH VirtualBox/VirtualBox, BIOS VirtualBox 12/01/2006
[    0.000000] Hypervisor detected: KVM
[    0.000000] e820: last_pfn = 0x7fff0 max_arch_pfn = 0x400000000
[    0.000000] MTRR: Disabled
[    0.000000] x86/PAT: MTRRs disabled, skipping PAT initialization too.
[    0.000000] CPU MTRRs all blank - virtualized system.
[    0.000000] x86/PAT: Configuration [0-7]: WB  WT  UC- UC  WB  WT  UC- UC  
[    0.000000] found SMP MP-table at [mem 0x0009fff0-0x0009ffff]
[    0.000000] Scanning 1 areas for low memory corruption
[    0.000000] RAMDISK: [mem 0x359c9000-0x36cdbfff]
[    0.000000] ACPI: Early table checksum verification disabled
[    0.000000] ACPI: RSDP 0x00000000000E0000 000024 (v02 VBOX  )
[    0.000000] ACPI: XSDT 0x000000007FFF0030 00003C (v01 VBOX   VBOXXSDT 00000001 ASL  00000061)
[    0.000000] ACPI: FACP 0x000000007FFF00F0 0000F4 (v04 VBOX   VBOXFACP 00000001 ASL  00000061)
[    0.000000] ACPI: DSDT 0x000000007FFF0470 002325 (v02 VBOX   VBOXBIOS 00000002 INTL 20190509)
[    0.000000] ACPI: FACS 0x000000007FFF0200 000040
[    0.000000] ACPI: FACS 0x000000007FFF0200 000040
[    0.000000] ACPI: APIC 0x000000007FFF0240 000054 (v02 VBOX   VBOXAPIC 00000001 ASL  00000061)
[    0.000000] ACPI: SSDT 0x000000007FFF02A0 0001CC (v01 VBOX   VBOXCPUT 00000002 INTL 20190509)
[    0.000000] ACPI: Reserving FACP table memory at [mem 0x7fff00f0-0x7fff01e3]
[    0.000000] ACPI: Reserving DSDT table memory at [mem 0x7fff0470-0x7fff2794]
[    0.000000] ACPI: Reserving FACS table memory at [mem 0x7fff0200-0x7fff023f]
[    0.000000] ACPI: Reserving FACS table memory at [mem 0x7fff0200-0x7fff023f]
[    0.000000] ACPI: Reserving APIC table memory at [mem 0x7fff0240-0x7fff0293]
[    0.000000] ACPI: Reserving SSDT table memory at [mem 0x7fff02a0-0x7fff046b]
[    0.000000] No NUMA configuration found
[    0.000000] Faking a node at [mem 0x0000000000000000-0x000000007ffeffff]
[    0.000000] NODE_DATA(0) allocated [mem 0x7ffc5000-0x7ffeffff]
[    0.000000] kvm-clock: cpu 0, msr 0:7ff44001, primary cpu clock
[    0.000000] kvm-clock: Using msrs 4b564d01 and 4b564d00
[    0.000000] kvm-clock: using sched offset of 3210407117 cycles
[    0.000000] clocksource: kvm-clock: mask: 0xffffffffffffffff max_cycles: 0x1cd42e4dffb, max_idle_ns: 881590591483 ns
[    0.000000] Zone ranges:
[    0.000000]   DMA      [mem 0x0000000000001000-0x0000000000ffffff]
[    0.000000]   DMA32    [mem 0x0000000001000000-0x000000007ffeffff]
[    0.000000]   Normal   empty
[    0.000000]   Device   empty
[    0.000000] Movable zone start for each node
[    0.000000] Early memory node ranges
[    0.000000]   node   0: [mem 0x0000000000001000-0x000000000009efff]
[    0.000000]   node   0: [mem 0x0000000000100000-0x000000007ffeffff]
[    0.000000] Reserved but unavailable: 104 pages
[    0.000000] Initmem setup node 0 [mem 0x0000000000001000-0x000000007ffeffff]
[    0.000000] ACPI: PM-Timer IO Port: 0x4008
[    0.000000] IOAPIC[0]: apic_id 1, version 32, address 0xfec00000, GSI 0-23
[    0.000000] ACPI: INT_SRC_OVR (bus 0 bus_irq 0 global_irq 2 dfl dfl)
[    0.000000] ACPI: INT_SRC_OVR (bus 0 bus_irq 9 global_irq 9 low level)
[    0.000000] Using ACPI (MADT) for SMP configuration information
[    0.000000] smpboot: Allowing 1 CPUs, 0 hotplug CPUs
[    0.000000] PM: Registered nosave memory: [mem 0x00000000-0x00000fff]
[    0.000000] PM: Registered nosave memory: [mem 0x0009f000-0x0009ffff]
[    0.000000] PM: Registered nosave memory: [mem 0x000a0000-0x000effff]
[    0.000000] PM: Registered nosave memory: [mem 0x000f0000-0x000fffff]
[    0.000000] e820: [mem 0x80000000-0xfebfffff] available for PCI devices
[    0.000000] Booting paravirtualized kernel on KVM
[    0.000000] clocksource: refined-jiffies: mask: 0xffffffff max_cycles: 0xffffffff, max_idle_ns: 7645519600211568 ns
[    0.000000] setup_percpu: NR_CPUS:8192 nr_cpumask_bits:1 nr_cpu_ids:1 nr_node_ids:1
[    0.000000] percpu: Embedded 50 pages/cpu s167936 r8192 d28672 u2097152
[    0.000000] PV qspinlock hash table entries: 256 (order: 0, 4096 bytes)
[    0.000000] Built 1 zonelists, mobility grouping on.  Total pages: 515961
[    0.000000] Policy zone: DMA32
[    0.000000] Kernel command line: BOOT_IMAGE=/boot/vmlinuz-4.15.0-194-generic root=LABEL=cloudimg-rootfs ro console=tty1 console=ttyS0
[    0.000000] Memory: 2015040K/2096696K available (12300K kernel code, 2477K rwdata, 4320K rodata, 2472K init, 2720K bss, 81656K reserved, 0K cma-reserved)
[    0.000000] SLUB: HWalign=64, Order=0-3, MinObjects=0, CPUs=1, Nodes=1
[    0.000000] Kernel/User page tables isolation: enabled
[    0.000000] ftrace: allocating 39477 entries in 155 pages
[    0.004000] Hierarchical RCU implementation.
[    0.004000] 	RCU restricting CPUs from NR_CPUS=8192 to nr_cpu_ids=1.
[    0.004000] 	Tasks RCU enabled.
[    0.004000] RCU: Adjusting geometry for rcu_fanout_leaf=16, nr_cpu_ids=1
[    0.004000] NR_IRQS: 524544, nr_irqs: 256, preallocated irqs: 16
[    0.004000] random: crng init done
[    0.004000] Console: colour VGA+ 80x25
[    0.004000] console [tty1] enabled
[    0.004000] console [ttyS0] enabled
[    0.004000] ACPI: Core revision 20170831
[    0.004000] ACPI: 2 ACPI AML tables successfully acquired and loaded
[    0.004000] APIC: Switch to symmetric I/O mode setup
[    0.004000] x2apic enabled
[    0.004000] Switched APIC routing to physical x2apic.
[    0.004000] ..TIMER: vector=0x30 apic1=0 pin1=2 apic2=-1 pin2=-1
[    0.004000] tsc: Detected 2496.002 MHz processor
[    0.004000] Calibrating delay loop (skipped) preset value.. 4992.00 BogoMIPS (lpj=9984008)
[    0.004003] pid_max: default: 32768 minimum: 301
[    0.004523] Security Framework initialized
[    0.005011] Yama: becoming mindful.
[    0.005417] AppArmor: AppArmor initialized
[    0.006399] Dentry cache hash table entries: 262144 (order: 9, 2097152 bytes)
[    0.008021] Inode-cache hash table entries: 131072 (order: 8, 1048576 bytes)
[    0.008762] Mount-cache hash table entries: 4096 (order: 3, 32768 bytes)
[    0.009504] Mountpoint-cache hash table entries: 4096 (order: 3, 32768 bytes)
[    0.010430] process: using mwait in idle threads
[    0.010940] Last level iTLB entries: 4KB 64, 2MB 8, 4MB 8
[    0.011562] Last level dTLB entries: 4KB 64, 2MB 0, 4MB 0, 1GB 4
[    0.012003] Spectre V1 : Mitigation: usercopy/swapgs barriers and __user pointer sanitization
[    0.012940] Spectre V2 : Mitigation: Retpolines
[    0.013433] Spectre V2 : Spectre v2 / SpectreRSB mitigation: Filling RSB on context switch
[    0.014306] Speculative Store Bypass: Vulnerable
[    0.014896] MDS: Mitigation: Clear CPU buffers
[    0.015433] MMIO Stale Data: Mitigation: Clear CPU buffers
[    0.016002] SRBDS: Unknown: Dependent on hypervisor status
[    0.026833] Freeing SMP alternatives memory: 36K
[    0.136828] smpboot: CPU0: Intel(R) Core(TM) i5-10300H CPU @ 2.50GHz (family: 0x6, model: 0xa5, stepping: 0x2)
[    0.138019] Performance Events: unsupported p6 CPU model 165 no PMU driver, software events only.
[    0.138986] Hierarchical SRCU implementation.
[    0.139888] NMI watchdog: Perf event create on CPU 0 failed with -2
[    0.140000] NMI watchdog: Perf NMI watchdog permanently disabled
[    0.140021] smp: Bringing up secondary CPUs ...
[    0.140517] smp: Brought up 1 node, 1 CPU
[    0.141073] smpboot: Max logical packages: 1
[    0.141543] smpboot: Total of 1 processors activated (4992.00 BogoMIPS)
[    0.142377] devtmpfs: initialized
[    0.142795] x86/mm: Memory block size: 128MB
[    0.143393] evm: security.selinux
[    0.143779] evm: security.SMACK64
[    0.144002] evm: security.SMACK64EXEC
[    0.144452] evm: security.SMACK64TRANSMUTE
[    0.144907] evm: security.SMACK64MMAP
[    0.145326] evm: security.apparmor
[    0.145753] evm: security.ima
[    0.146101] evm: security.capability
[    0.146569] clocksource: jiffies: mask: 0xffffffff max_cycles: 0xffffffff, max_idle_ns: 7645041785100000 ns
[    0.147599] futex hash table entries: 256 (order: 2, 16384 bytes)
[    0.148039] pinctrl core: initialized pinctrl subsystem
[    0.148666] RTC time: 10:51:50, date: 10/16/22
[    0.149208] NET: Registered protocol family 16
[    0.150469] audit: initializing netlink subsys (disabled)
[    0.151954] cpuidle: using governor ladder
[    0.152000] cpuidle: using governor menu
[    0.152006] audit: type=2000 audit(1665917514.976:1): state=initialized audit_enabled=0 res=1
[    0.152934] ACPI: bus type PCI registered
[    0.156002] acpiphp: ACPI Hot Plug PCI Controller Driver version: 0.5
[    0.156771] PCI: Using configuration type 1 for base access
[    0.158017] HugeTLB registered 2.00 MiB page size, pre-allocated 0 pages
[    0.158855] ACPI: Added _OSI(Module Device)
[    0.159325] ACPI: Added _OSI(Processor Device)
[    0.160002] ACPI: Added _OSI(3.0 _SCP Extensions)
[    0.160518] ACPI: Added _OSI(Processor Aggregator Device)
[    0.161135] ACPI: Added _OSI(Linux-Dell-Video)
[    0.161623] ACPI: Added _OSI(Linux-Lenovo-NV-HDMI-Audio)
[    0.162193] ACPI: Added _OSI(Linux-HPI-Hybrid-Graphics)
[    0.162968] ACPI: Executed 1 blocks of module-level executable AML code
[    0.165784] ACPI: Interpreter enabled
[    0.166205] ACPI: (supports S0 S5)
[    0.166635] ACPI: Using IOAPIC for interrupt routing
[    0.167316] PCI: Using host bridge windows from ACPI; if necessary, use "pci=nocrs" and report a bug
[    0.168097] ACPI: Enabled 2 GPEs in block 00 to 07
[    0.172836] ACPI: PCI Root Bridge [PCI0] (domain 0000 [bus 00-ff])
[    0.173495] acpi PNP0A03:00: _OSC: OS supports [ASPM ClockPM Segments MSI]
[    0.174570] acpi PNP0A03:00: _OSC: not requesting OS control; OS requires [ExtendedConfig ASPM ClockPM MSI]
[    0.175600] acpi PNP0A03:00: fail to add MMCONFIG information, can't access extended PCI configuration space under this bridge.
[    0.176235] PCI host bridge to bus 0000:00
[    0.176693] pci_bus 0000:00: root bus resource [io  0x0000-0x0cf7 window]
[    0.177444] pci_bus 0000:00: root bus resource [io  0x0d00-0xffff window]
[    0.178159] pci_bus 0000:00: root bus resource [mem 0x000a0000-0x000bffff window]
[    0.179364] pci_bus 0000:00: root bus resource [mem 0x80000000-0xfdffffff window]
[    0.180002] pci_bus 0000:00: root bus resource [bus 00-ff]
[    0.181790] pci 0000:00:01.1: legacy IDE quirk: reg 0x10: [io  0x01f0-0x01f7]
[    0.182536] pci 0000:00:01.1: legacy IDE quirk: reg 0x14: [io  0x03f6]
[    0.183258] pci 0000:00:01.1: legacy IDE quirk: reg 0x18: [io  0x0170-0x0177]
[    0.184001] pci 0000:00:01.1: legacy IDE quirk: reg 0x1c: [io  0x0376]
[    0.200982] pci 0000:00:07.0: quirk: [io  0x4000-0x403f] claimed by PIIX4 ACPI
[    0.201794] pci 0000:00:07.0: quirk: [io  0x4100-0x410f] claimed by PIIX4 SMB
[    0.211117] ACPI: PCI Interrupt Link [LNKA] (IRQs 5 9 10 *11)
[    0.211948] ACPI: PCI Interrupt Link [LNKB] (IRQs 5 9 *10 11)
[    0.212078] ACPI: PCI Interrupt Link [LNKC] (IRQs 5 *9 10 11)
[    0.212760] ACPI: PCI Interrupt Link [LNKD] (IRQs 5 9 10 *11)
[    0.213654] SCSI subsystem initialized
[    0.214157] pci 0000:00:02.0: vgaarb: setting as boot VGA device
[    0.214826] pci 0000:00:02.0: vgaarb: VGA device added: decodes=io+mem,owns=io+mem,locks=none
[    0.216002] pci 0000:00:02.0: vgaarb: bridge control possible
[    0.216618] vgaarb: loaded
[    0.216957] ACPI: bus type USB registered
[    0.217420] usbcore: registered new interface driver usbfs
[    0.218052] usbcore: registered new interface driver hub
[    0.218660] usbcore: registered new device driver usb
[    0.219238] EDAC MC: Ver: 3.0.0
[    0.220151] PCI: Using ACPI for IRQ routing
[    0.220794] NetLabel: Initializing
[    0.221189] NetLabel:  domain hash size = 128
[    0.221669] NetLabel:  protocols = UNLABELED CIPSOv4 CALIPSO
[    0.222321] NetLabel:  unlabeled traffic allowed by default
[    0.223014] clocksource: Switched to clocksource kvm-clock
[    0.227778] VFS: Disk quotas dquot_6.6.0
[    0.228279] VFS: Dquot-cache hash table entries: 512 (order 0, 4096 bytes)
[    0.229074] AppArmor: AppArmor Filesystem Enabled
[    0.229613] pnp: PnP ACPI init
[    0.230582] pnp: PnP ACPI: found 3 devices
[    0.236208] clocksource: acpi_pm: mask: 0xffffff max_cycles: 0xffffff, max_idle_ns: 2085701024 ns
[    0.237187] NET: Registered protocol family 2
[    0.237710] IP idents hash table entries: 32768 (order: 6, 262144 bytes)
[    0.238722] TCP established hash table entries: 16384 (order: 5, 131072 bytes)
[    0.239588] TCP bind hash table entries: 16384 (order: 6, 262144 bytes)
[    0.240350] TCP: Hash tables configured (established 16384 bind 16384)
[    0.241407] UDP hash table entries: 1024 (order: 3, 32768 bytes)
[    0.242047] UDP-Lite hash table entries: 1024 (order: 3, 32768 bytes)
[    0.242771] NET: Registered protocol family 1
[    0.243284] pci 0000:00:00.0: Limiting direct PCI/PCI transfers
[    0.243927] pci 0000:00:01.0: Activating ISA DMA hang workarounds
[    0.244627] pci 0000:00:02.0: Video device with shadowed ROM at [mem 0x000c0000-0x000dffff]
[    0.245588] Unpacking initramfs...
[    0.442996] Freeing initrd memory: 19532K
[    0.447315] clocksource: tsc: mask: 0xffffffffffffffff max_cycles: 0x23fa79125d1, max_idle_ns: 440795329579 ns
[    0.448406] platform rtc_cmos: registered platform RTC device (no PNP device found)
[    0.449277] Scanning for low memory corruption every 60 seconds
[    0.450249] Initialise system trusted keyrings
[    0.450747] Key type blacklist registered
[    0.451262] workingset: timestamp_bits=36 max_order=19 bucket_order=0
[    0.452373] zbud: loaded
[    0.455116] squashfs: version 4.0 (2009/01/31) Phillip Lougher
[    0.455839] fuse init (API version 7.26)
[    0.456755] Key type asymmetric registered
[    0.457213] Asymmetric key parser 'x509' registered
[    0.457762] Block layer SCSI generic (bsg) driver version 0.4 loaded (major 246)
[    0.458581] io scheduler noop registered
[    0.459056] io scheduler deadline registered
[    0.459546] io scheduler cfq registered (default)
[    0.460222] ACPI: AC Adapter [AC] (off-line)
[    0.460761] input: Power Button as /devices/LNXSYSTM:00/LNXPWRBN:00/input/input0
[    0.461570] ACPI: Power Button [PWRF]
[    0.462024] input: Sleep Button as /devices/LNXSYSTM:00/LNXSLPBN:00/input/input1
[    0.462825] ACPI: Sleep Button [SLPF]
[    0.463806] ACPI: Battery Slot [BAT0] (battery present)
[    0.464476] Serial: 8250/16550 driver, 32 ports, IRQ sharing enabled
[    0.485623] 00:02: ttyS0 at I/O 0x3f8 (irq = 4, base_baud = 115200) is a 16550A
[    0.487186] Linux agpgart interface v0.103
[    0.488241] loop: module loaded
[    0.488899] scsi host0: ata_piix
[    0.489307] scsi host1: ata_piix
[    0.489701] ata1: PATA max UDMA/33 cmd 0x1f0 ctl 0x3f6 bmdma 0xd000 irq 14
[    0.490425] ata2: PATA max UDMA/33 cmd 0x170 ctl 0x376 bmdma 0xd008 irq 15
[    0.491518] tun: Universal TUN/TAP device driver, 1.6
[    0.492084] PPP generic driver version 2.4.2
[    0.492604] ehci_hcd: USB 2.0 'Enhanced' Host Controller (EHCI) Driver
[    0.493293] ehci-pci: EHCI PCI platform driver
[    0.493788] ehci-platform: EHCI generic platform driver
[    0.494353] ohci_hcd: USB 1.1 'Open' Host Controller (OHCI) Driver
[    0.495068] ohci-pci: OHCI PCI platform driver
[    0.495578] ohci-platform: OHCI generic platform driver
[    0.496139] uhci_hcd: USB Universal Host Controller Interface driver
[    0.496863] i8042: PNP: PS/2 Controller [PNP0303:PS2K,PNP0f03:PS2M] at 0x60,0x64 irq 1,12
[    0.498077] serio: i8042 KBD port at 0x60,0x64 irq 1
[    0.498628] serio: i8042 AUX port at 0x60,0x64 irq 12
[    0.499291] mousedev: PS/2 mouse device common for all mice
[    0.500036] input: AT Translated Set 2 keyboard as /devices/platform/i8042/serio0/input/input2
[    0.501204] rtc_cmos rtc_cmos: rtc core: registered rtc_cmos as rtc0
[    0.501910] rtc_cmos rtc_cmos: alarms up to one day, 114 bytes nvram
[    0.502616] i2c /dev entries driver
[    0.503075] device-mapper: uevent: version 1.0.3
[    0.503612] device-mapper: ioctl: 4.37.0-ioctl (2017-09-20) initialised: dm-devel@redhat.com
[    0.504532] ledtrig-cpu: registered to indicate activity on CPUs
[    0.505321] NET: Registered protocol family 10
[    0.507727] Segment Routing with IPv6
[    0.508154] NET: Registered protocol family 17
[    0.508691] Key type dns_resolver registered
[    0.509232] mce: Using 0 MCE banks
[    0.509642] RAS: Correctable Errors collector initialized.
[    0.510259] sched_clock: Marking stable (508665429, 0)->(619789625, -111124196)
[    0.511213] registered taskstats version 1
[    0.511676] Loading compiled-in X.509 certificates
[    0.513423] Loaded X.509 cert 'Build time autogenerated kernel key: 6303a3b02fa1c7713b8a75ba7ba622fabd5dd271'
[    0.514838] Loaded X.509 cert 'Canonical Ltd. Live Patch Signing: 14df34d1a87cf37625abec039ef2bf521249b969'
[    0.516407] Loaded X.509 cert 'Canonical Ltd. Kernel Module Signing: 88f752e560a1e0737e31163a466ad7b70a850c19'
[    0.517448] blacklist: Loading compiled-in revocation X.509 certificates
[    0.518163] Loaded X.509 cert 'Canonical Ltd. Secure Boot Signing: 61482aa2830d0ab2ad5af10b7250da9033ddcef0'
[    0.519270] zswap: loaded using pool lzo/zbud
[    0.521434] Key type big_key registered
[    0.521868] Key type trusted registered
[    0.523138] Key type encrypted registered
[    0.523604] AppArmor: AppArmor sha1 policy hashing enabled
[    0.524190] ima: No TPM chip found, activating TPM-bypass! (rc=-19)
[    0.524882] ima: Allocated hash algorithm: sha1
[    0.525392] evm: HMAC attrs: 0x1
[    0.525909]   Magic number: 10:625:881
[    0.526335]   hash matches /build/linux-gveVdf/linux-4.15.0/drivers/base/power/main.c:1181
[    0.527339] rtc_cmos rtc_cmos: setting system clock to 2022-10-16 10:51:50 UTC (1665917510)
[    0.528310] BIOS EDD facility v0.16 2004-Jun-25, 0 devices found
[    0.528948] EDD information not available.
[    0.673161] Freeing unused kernel image memory: 2472K
[    0.680007] Write protecting the kernel read-only data: 20480k
[    0.681008] Freeing unused kernel image memory: 2008K
[    0.681784] Freeing unused kernel image memory: 1824K
[    0.688237] x86/mm: Checked W+X mappings: passed, no W+X pages found.
[    0.688953] x86/mm: Checking user space page tables
[    0.695325] x86/mm: Checked W+X mappings: passed, no W+X pages found.
Loading, please wait...
starting version 237
[    0.773027] e1000: Intel(R) PRO/1000 Network Driver - version 7.3.21-k8-NAPI
[    0.773911] e1000: Copyright (c) 1999-2006 Intel Corporation.
[    0.778099] Fusion MPT base driver 3.04.20
[    0.778562] Copyright (c) 1999-2008 LSI Corporation
[    0.785685] Fusion MPT SPI Host driver 3.04.20
[    0.799717] AVX2 version of gcm_enc/dec engaged.
[    0.800438] AES CTR mode by8 optimization enabled
[    0.987712] input: ImExPS/2 Generic Explorer Mouse as /devices/platform/i8042/serio1/input/input4
[    1.134829] e1000 0000:00:03.0 eth0: (PCI:33MHz:32-bit) 02:2d:21:26:aa:88
[    1.135642] e1000 0000:00:03.0 eth0: Intel(R) PRO/1000 Network Connection
[    1.136976] mptbase: ioc0: Initiating bringup
[    1.232702] ioc0: LSI53C1030 A0: Capabilities={Initiator}
[    1.476004] scsi host2: ioc0: LSI53C1030 A0, FwRev=00000000h, Ports=1, MaxQ=256, IRQ=20
[    1.649267] scsi 2:0:0:0: Direct-Access     VBOX     HARDDISK         1.0  PQ: 0 ANSI: 5
[    1.653595] scsi target2:0:0: Beginning Domain Validation
[    1.654907] scsi target2:0:0: Domain Validation skipping write tests
[    1.655644] scsi target2:0:0: Ending Domain Validation
[    1.656266] scsi target2:0:0: asynchronous
[    1.657288] scsi 2:0:1:0: Direct-Access     VBOX     HARDDISK         1.0  PQ: 0 ANSI: 5
[    1.658171] scsi target2:0:1: Beginning Domain Validation
[    1.659216] scsi target2:0:1: Domain Validation skipping write tests
[    1.659919] scsi target2:0:1: Ending Domain Validation
[    1.660539] scsi target2:0:1: asynchronous
[    1.663190] sd 2:0:0:0: [sda] 83886080 512-byte logical blocks: (42.9 GB/40.0 GiB)
[    1.664474] sd 2:0:0:0: [sda] Write Protect is off
[    1.665084] sd 2:0:0:0: [sda] Incomplete mode parameter data
[    1.665715] sd 2:0:0:0: [sda] Assuming drive cache: write through
[    1.666482] sd 2:0:0:0: Attached scsi generic sg0 type 0
[    1.667658] sd 2:0:1:0: [sdb] 20480 512-byte logical blocks: (10.5 MB/10.0 MiB)
[    1.668612] sd 2:0:1:0: [sdb] Write Protect is off
[    1.669265] sd 2:0:1:0: [sdb] Incomplete mode parameter data
[    1.669965] sd 2:0:1:0: [sdb] Assuming drive cache: write through
[    1.670665]  sda: sda1
[    1.671509] sd 2:0:0:0: [sda] Attached SCSI disk
[    1.672107] sd 2:0:1:0: Attached scsi generic sg1 type 0
[    1.673769] sd 2:0:1:0: [sdb] Attached SCSI disk
[    1.998852] e1000 0000:00:08.0 eth1: (PCI:33MHz:32-bit) 08:00:27:05:06:1c
[    1.999647] e1000 0000:00:08.0 eth1: Intel(R) PRO/1000 Network Connection
[    2.001230] e1000 0000:00:08.0 enp0s8: renamed from eth1
[    2.002971] e1000 0000:00:03.0 enp0s3: renamed from eth0
Begin: Loading essential drivers ... [    3.322457] raid6: sse2x1   gen() 16145 MB/s
[    3.386481] raid6: sse2x1   xor()  9559 MB/s
[    3.450862] raid6: sse2x2   gen() 19864 MB/s
[    3.514715] raid6: sse2x2   xor() 12860 MB/s
[    3.578800] raid6: sse2x4   gen() 21309 MB/s
[    3.642652] raid6: sse2x4   xor() 12477 MB/s
[    3.713141] raid6: avx2x1   gen() 37051 MB/s
[    3.777004] raid6: avx2x1   xor() 18935 MB/s
[    3.842762] raid6: avx2x2   gen() 43762 MB/s
[    3.906741] raid6: avx2x2   xor() 24804 MB/s
[    3.970885] raid6: avx2x4   gen() 42260 MB/s
[    4.042569] raid6: avx2x4   xor() 29478 MB/s
[    4.043131] raid6: using algorithm avx2x2 gen() 43762 MB/s
[    4.043717] raid6: .... xor() 24804 MB/s, rmw enabled
[    4.044273] raid6: using avx2x2 recovery algorithm
[    4.046038] xor: automatically using best checksumming function   avx       
[    4.047865] async_tx: api initialized (async)
done.
Begin: Running /scripts/init-premount ... done.
Begin: Mounting root file system ... Begin: Running /scripts/local-top ... done.
Begin: Running /scripts/local-premount ... [    4.089865] Btrfs loaded, crc32c=crc32c-intel
Scanning for Btrfs filesystems
done.
Warning: fsck not present, so skipping root file system
[    4.110586] EXT4-fs (sda1): mounted filesystem with ordered data mode. Opts: (null)
done.
Begin: Running /scripts/local-bottom ... done.
Begin: Running /scripts/init-bottom ... done.
[    4.227591] ip_tables: (C) 2000-2006 Netfilter Core Team
[    4.232126] systemd[1]: systemd 237 running in system mode. (+PAM +AUDIT +SELINUX +IMA +APPARMOR +SMACK +SYSVINIT +UTMP +LIBCRYPTSETUP +GCRYPT +GNUTLS +ACL +XZ +LZ4 +SECCOMP +BLKID +ELFUTILS +KMOD -IDN2 +IDN -PCRE2 default-hierarchy=hybrid)
[    4.234417] systemd[1]: Detected virtualization oracle.
[    4.235046] systemd[1]: Detected architecture x86-64.

Welcome to [1mUbuntu 18.04.6 LTS[0m!

[    4.237429] systemd[1]: Set hostname to <ubuntu>.
[    4.239278] systemd[1]: Initializing machine ID from random generator.
[    4.240005] systemd[1]: Installed transient /etc/machine-id file.
[    4.406050] systemd[1]: Reached target System Time Synchronized.
[[0;32m  OK  [0m] Reached target System Time Synchronized.
[    4.407785] systemd[1]: Created slice System Slice.
[[0;32m  OK  [0m] Created slice System Slice.
[    4.408926] systemd[1]: Listening on Journal Audit Socket.
[[0;32m  OK  [0m] Listening on Journal Audit Socket.
[    4.410103] systemd[1]: Listening on LVM2 metadata daemon socket.
[[0;32m  OK  [0m] Listening on LVM2 metadata daemon socket.
[[0;32m  OK  [0m] Listening on Journal Socket.
         Mounting POSIX Message Queue File System...
         Mounting Huge Pages File System...
[[0;32m  OK  [0m] Listening on Syslog Socket.
[[0;32m  OK  [0m] Listening on LVM2 poll daemon socket.
[[0;32m  OK  [0m] Set up automount Arbitrary Executab…rmats File System Automount Point.
[[0;32m  OK  [0m] Listening on fsck to fsckd communication Socket.
[[0;32m  OK  [0m] Created slice User and Session Slice.
[[0;32m  OK  [0m] Reached target Slices.
[[0;32m  OK  [0m] Created slice system-serial\x2dgetty.slice.
[[0;32m  OK  [0m] Reached target User and Group Name Lookups.
         Starting Set the console keyboard layout...
[[0;32m  OK  [0m] Listening on /dev/initctl Compatibility Named Pipe.
[[0;32m  OK  [0m] Reached target Swap.
[[0;32m  OK  [0m] Listening on Journal Socket (/dev/log).
[[0;32m  OK  [0m] Listening on udev Kernel Socket.
         Mounting Kernel Debug File System...
         Starting Create list of required st…ce nodes for the current kernel...
[[0;32m  OK  [0m] Listening on Device-mapper event daemon FIFOs.
         Starting Monitoring of LVM2 mirrors…ng dmeventd or progress polling...
         Starting File System Check on Root Device...
[[0;32m  OK  [0m] Started Forward Password Requests to Wall Directory Watch.
         Starting Journal Service...
[[0;32m  OK  [0m] Listening on udev Control Socket.
         Starting udev Coldplug all Devices...
[[0;32m  OK  [0m] Listening on Network Service Netlink Socket.
         Starting Load Kernel Modules...
         Starting Uncomplicated firewall...
[[0;32m  OK  [0m] Started Journal Service.
[[0;32m  OK  [0m] Mounted POSIX Message Queue File System.
[[0;32m  OK  [0m] Mounted Huge Pages File System.
[[0;32m  OK  [0m] Mounted Kernel Debug File System.
[[0;32m  OK  [0m] Started Create list of required sta…vice nodes for the current kernel.
[[0;32m  OK  [0m] Started File System Check Daemon to report status.
         Starting Create Static Device Nodes in /dev...
[[0;32m  OK  [0m] Started LVM2 metadata daemon.
[    4.518378] Loading iSCSI transport class v2.0-870.
[[0;32m  OK  [0m] Started udev Coldplug all Devices.
[    4.526278] iscsi: registered transport (tcp)
[[0;32m  OK  [0m] Started Uncomplicated firewall.
[[0;32m  OK  [0m] Started Create Static Device Nodes in /dev.
[[0;32m  OK  [0m] Started File System Check on Root Device.
         Starting Remount Root and Kernel File Systems...
[[0;32m  OK  [0m] Started Monitoring of LVM2 mirrors,…sing dmeventd or progress polling.
[[0;32m  OK  [0m] Started Set the console keyboard layout.
[    4.610779] iscsi: registered transport (iser)
[    4.611765] EXT4-fs (sda1): re-mounted. Opts: (null)
[[0;32m  OK  [0m] Started Load Kernel Modules.
[[0;32m  OK  [0m] Started Remount Root and Kernel File Systems.
         Starting Flush Journal to Persistent Storage...
         Starting udev Kernel Device Manager...
         Starting Load/Save Random Seed...
         Starting Apply Kernel Variables...
         Mounting FUSE Control File System...
         Mounting Kernel Configuration File System...
[[0;32m  OK  [0m] Reached target Local File Systems (Pre).
[[0;32m  OK  [0m] Reached target Local File Systems.
         Starting Commit a transient machine-id on disk...
         Starting AppArmor initialization...
         Starting Tell Plymouth To Write Out Runtime Data...
         Starting Set console font and keymap...
         Starting ebtables ruleset management...
[[0;32m  OK  [0m] Mounted FUSE Control File System.
[[0;32m  OK  [0m] Mounted Kernel Configuration File System.
[[0;32m  OK  [0m] Started udev Kernel Device Manager.
[[0;32m  OK  [0m] Started Dispatch Password Requests to Console Directory Watch.
[[0;32m  OK  [0m] Reached target Local Encrypted Volumes.
[    4.673740] systemd-journald[414]: Received request to flush runtime journal from PID 1
[[0;32m  OK  [0m] Started Load/Save Random Seed.
[[0;32m  OK  [0m] Started Tell Plymouth To Write Out Runtime Data.
[[0;32m  OK  [0m] Started Set console font and keymap.
[[0;32m  OK  [0m] Started Commit a transient machine-id on disk.
[[0;32m  OK  [0m] Started Apply Kernel Variables.
[[0;32m  OK  [0m] Started Flush Journal to Persistent Storage.
         Starting Create Volatile Files and Directories...
[[0;32m  OK  [0m] Started Create Volatile Files and Directories.
[[0;32m  OK  [0m] Started ebtables ruleset management.
         Starting Update UTMP about System Boot/Shutdown...
[[0;32m  OK  [0m] Started Update UTMP about System Boot/Shutdown.
[[0;32m  OK  [0m] Found device /dev/ttyS0.
[[0;32m  OK  [0m] Listening on Load/Save RF Kill Switch Status /dev/rfkill Watch.
[[0;32m  OK  [0m] Started AppArmor initialization.
         Starting Load AppArmor profiles managed internally by snapd...
         Starting Initial cloud-init job (pre-networking)...
[[0;32m  OK  [0m] Started Load AppArmor profiles managed internally by snapd.
[    6.495984] cloud-init[577]: Cloud-init v. 22.3.4-0ubuntu1~18.04.1 running 'init-local' at Sun, 16 Oct 2022 10:51:56 +0000. Up 6.27 seconds.
[[0;32m  OK  [0m] Started Initial cloud-init job (pre-networking).
[[0;32m  OK  [0m] Reached target Network (Pre).
         Starting Network Service...
[[0;32m  OK  [0m] Started Network Service.
         Starting Wait for Network to be Configured...
         Starting Network Name Resolution...
[[0;32m  OK  [0m] Started Network Name Resolution.
[[0;32m  OK  [0m] Reached target Host and Network Name Lookups.
[[0;32m  OK  [0m] Reached target Network.
[[0;32m  OK  [0m] Started Wait for Network to be Configured.
         Starting Initial cloud-init job (metadata service crawler)...
[    8.343582] cloud-init[674]: Cloud-init v. 22.3.4-0ubuntu1~18.04.1 running 'init' at Sun, 16 Oct 2022 10:51:58 +0000. Up 8.24 seconds.
[    8.345539] cloud-init[674]: ci-info: ++++++++++++++++++++++++++++++++++++++Net device info+++++++++++++++++++++++++++++++++++++++
[    8.346547] cloud-init[674]: ci-info: +--------+-------+----------------------------+---------------+--------+-------------------+
[    8.348100] cloud-init[674]: ci-info: | Device |   Up  |          Address           |      Mask     | Scope  |     Hw-Address    |
[    8.350468] cloud-init[674]: ci-info: +--------+-------+----------------------------+---------------+--------+-------------------+
[    8.352192] cloud-init[674]: ci-info: | enp0s3 |  True |         10.0.2.15          | 255.255.255.0 | global | 02:2d:21:26:aa:88 |
[    8.353820] cloud-init[674]: ci-info: | enp0s3 |  True | fe80::2d:21ff:fe26:aa88/64 |       .       |  link  | 02:2d:21:26:aa:88 |
[    8.356210] cloud-init[674]: ci-info: | enp0s8 | False |             .              |       .       |   .    | 08:00:27:05:06:1c |
[    8.358373] cloud-init[674]: ci-info: |   lo   |  True |         127.0.0.1          |   255.0.0.0   |  host  |         .         |
[    8.360949] cloud-init[674]: ci-info: |   lo   |  True |          ::1/128           |       .       |  host  |         .         |
[    8.362247] cloud-init[674]: ci-info: +--------+-------+----------------------------+---------------+--------+-------------------+
[    8.365916] cloud-init[674]: ci-info: ++++++++++++++++++++++++++++Route IPv4 info+++++++++++++++++++++++++++++
[    8.366816] cloud-init[674]: ci-info: +-------+-------------+----------+-----------------+-----------+-------+
[    8.369045] cloud-init[674]: ci-info: | Route | Destination | Gateway  |     Genmask     | Interface | Flags |
[    8.371855] cloud-init[674]: ci-info: +-------+-------------+----------+-----------------+-----------+-------+
[    8.372749] cloud-init[674]: ci-info: |   0   |   0.0.0.0   | 10.0.2.2 |     0.0.0.0     |   enp0s3  |   UG  |
[    8.373584] cloud-init[674]: ci-info: |   1   |   10.0.2.0  | 0.0.0.0  |  255.255.255.0  |   enp0s3  |   U   |
[    8.376980] cloud-init[674]: ci-info: |   2   |   10.0.2.2  | 0.0.0.0  | 255.255.255.255 |   enp0s3  |   UH  |
[    8.377876] cloud-init[674]: ci-info: +-------+-------------+----------+-----------------+-----------+-------+
[    8.380123] cloud-init[674]: ci-info: +++++++++++++++++++Route IPv6 info+++++++++++++++++++
[    8.382040] cloud-init[674]: ci-info: +-------+-------------+---------+-----------+-------+
[    8.384203] cloud-init[674]: ci-info: | Route | Destination | Gateway | Interface | Flags |
[    8.384985] cloud-init[674]: ci-info: +-------+-------------+---------+-----------+-------+
[    8.387366] cloud-init[674]: ci-info: |   1   |  fe80::/64  |    ::   |   enp0s3  |   U   |
[    8.388171] cloud-init[674]: ci-info: |   3   |    local    |    ::   |   enp0s3  |   U   |
[    8.389060] cloud-init[674]: ci-info: |   4   |   ff00::/8  |    ::   |   enp0s3  |   U   |
[    8.391538] cloud-init[674]: ci-info: +-------+-------------+---------+-----------+-------+
[    8.967374] cloud-init[674]: Generating public/private rsa key pair.
[    8.967963] cloud-init[674]: Your identification has been saved in /etc/ssh/ssh_host_rsa_key.
[    8.968723] cloud-init[674]: Your public key has been saved in /etc/ssh/ssh_host_rsa_key.pub.
[    8.969459] cloud-init[674]: The key fingerprint is:
[    8.969962] cloud-init[674]: SHA256:4wUUd3j71YSHx0frf9MJu7gm/A/0XXCyekxex1SYiz4 root@ubuntu-bionic
[    8.972164] cloud-init[674]: The key's randomart image is:
[    8.972706] cloud-init[674]: +---[RSA 2048]----+
[    8.973182] cloud-init[674]: |        o....  Bo|
[    8.976136] cloud-init[674]: |       . .... = O|
[    8.976619] cloud-init[674]: |        .  . oo*=|
[    8.977101] cloud-init[674]: |         .  o oBo|
[    8.977581] cloud-init[674]: |        S .o ooo=|
[    8.978061] cloud-init[674]: |       . o. E==.*|
[    8.980148] cloud-init[674]: |        o  ..++++|
[    8.980635] cloud-init[674]: |         o .o.. o|
[    8.981110] cloud-init[674]: |          ++oo   |
[    8.981584] cloud-init[674]: +----[SHA256]-----+
[    8.984148] cloud-init[674]: Generating public/private dsa key pair.
[    8.984747] cloud-init[674]: Your identification has been saved in /etc/ssh/ssh_host_dsa_key.
[    8.985474] cloud-init[674]: Your public key has been saved in /etc/ssh/ssh_host_dsa_key.pub.
[    8.988438] cloud-init[674]: The key fingerprint is:
[    8.989270] cloud-init[674]: SHA256:AWM8veYiWAu/VxNVCPQ+f4xc5Cp9PqGiFsrj43vF5uw root@ubuntu-bionic
[    8.992169] cloud-init[674]: The key's randomart image is:
[    8.992714] cloud-init[674]: +---[DSA 1024]----+
[    8.993194] cloud-init[674]: |     .+oo. o.    |
[    8.993676] cloud-init[674]: |     .oo..o      |
[    8.996189] cloud-init[674]: |       ..o.   .  |
[    8.996678] cloud-init[674]: |  . .   +o   o   |
[    8.997160] cloud-init[674]: |   = . oSoo   o  |
[    8.997637] cloud-init[674]: |  . + . = += =.  |
[    9.000157] cloud-init[674]: |     + + B. *.+. |
[    9.000651] cloud-init[674]: |    . * o +..+.  |
[    9.001132] cloud-init[674]: |     ++*.oE.  .. |
[    9.001593] cloud-init[674]: +----[SHA256]-----+
[    9.004155] cloud-init[674]: Generating public/private ecdsa key pair.
[    9.004774] cloud-init[674]: Your identification has been saved in /etc/ssh/ssh_host_ecdsa_key.
[    9.005526] cloud-init[674]: Your public key has been saved in /etc/ssh/ssh_host_ecdsa_key.pub.
[    9.008203] cloud-init[674]: The key fingerprint is:
[    9.008718] cloud-init[674]: SHA256:DlLwj6XwFOqs2/UW3x6BdbVi9EIrzj0ReloeY/Zsu64 root@ubuntu-bionic
[    9.009428] cloud-init[674]: The key's randomart image is:
[    9.012177] cloud-init[674]: +---[ECDSA 256]---+
[    9.012670] cloud-init[674]: |    . .      +  .|
[    9.013151] cloud-init[674]: |     + .    + +..|
[    9.013626] cloud-init[674]: |    o + .  o.&.o |
[    9.014102] cloud-init[674]: |   o = =  oo@.O  |
[    9.016378] cloud-init[674]: |    + = S .+.+ + |
[    9.017059] cloud-init[674]: |   . . o.    .o .|
[    9.017715] cloud-init[674]: |  .   . .o ..  . |
[    9.020161] cloud-init[674]: |   o . .. . ..  .|
[    9.020643] cloud-init[674]: |  . .  ..  ..Eoo |
[    9.021121] cloud-init[674]: +----[SHA256]-----+
[    9.021594] cloud-init[674]: Generating public/private ed25519 key pair.
[    9.024148] cloud-init[674]: Your identification has been saved in /etc/ssh/ssh_host_ed25519_key.
[    9.024941] cloud-init[674]: Your public key has been saved in /etc/ssh/ssh_host_ed25519_key.pub.
[    9.028200] cloud-init[674]: The key fingerprint is:
[    9.028706] cloud-init[674]: SHA256:HX9B3dOUxBmDmetEl10iWEWBsdjmSjZPTxLcs8IWp98 root@ubuntu-bionic
[    9.029470] cloud-init[674]: The key's randomart image is:
[    9.029997] cloud-init[674]: +--[ED25519 256]--+
[    9.032163] cloud-init[674]: |           o+=%B%|
[    9.032654] cloud-init[674]: |          .+.X O*|
[    9.033129] cloud-init[674]: |          o O B .|
[    9.033609] cloud-init[674]: |         . * B + |
[    9.036192] cloud-init[674]: |        S = % +  |
[    9.036685] cloud-init[674]: |         o * O . |
[    9.037161] cloud-init[674]: |          . . o E|
[    9.037638] cloud-init[674]: |                 |
[    9.039454] cloud-init[674]: |                 |
[    9.039946] cloud-init[674]: +----[SHA256]-----+
[[0;32m  OK  [0m] Started Initial cloud-init job (metadata service crawler).
[[0;32m  OK  [0m] Reached target Network is Online.
         Starting Availability of block devices...
[[0;32m  OK  [0m] Reached target Remote File Systems (Pre).
[[0;32m  OK  [0m] Reached target Remote File Systems.
[[0;32m  OK  [0m] Reached target Cloud-config availability.
[[0;32m  OK  [0m] Reached target System Initialization.
         Starting LXD - unix socket.
[[0;32m  OK  [0m] Listening on Open-iSCSI iscsid Socket.
[[0;32m  OK  [0m] Started Daily apt download activities.
         Starting Socket activation for snappy daemon.
[[0;32m  OK  [0m] Started Ubuntu Advantage Timer for running repeated jobs.
[[0;32m  OK  [0m] Started Daily Cleanup of Temporary Directories.
[[0;32m  OK  [0m] Listening on UUID daemon activation socket.
[[0;32m  OK  [0m] Started Message of the Day.
[[0;32m  OK  [0m] Listening on D-Bus System Message Bus Socket.
[[0;32m  OK  [0m] Started Daily apt upgrade and clean activities.
[[0;32m  OK  [0m] Started Discard unused blocks once a week.
[[0;32m  OK  [0m] Listening on cloud-init hotplug hook socket.
[[0;32m  OK  [0m] Reached target Timers.
[[0;32m  OK  [0m] Listening on ACPID Listen Socket.
[[0;32m  OK  [0m] Started ACPI Events Check.
[[0;32m  OK  [0m] Reached target Paths.
[[0;32m  OK  [0m] Started Availability of block devices.
[[0;32m  OK  [0m] Listening on LXD - unix socket.
[[0;32m  OK  [0m] Listening on Socket activation for snappy daemon.
[[0;32m  OK  [0m] Reached target Sockets.
[[0;32m  OK  [0m] Reached target Basic System.
         Starting LSB: automatic crash report generation...
         Starting Virtualbox guest utils...
         Starting Login Service...
[[0;32m  OK  [0m] Started Deferred execution scheduler.
         Starting System Logging Service...
[[0;32m  OK  [0m] Started D-Bus System Message Bus.
         Starting Dispatcher daemon for systemd-networkd...
         Starting Pollinate to seed the pseudo random number generator...
[[0;32m  OK  [0m] Started FUSE filesystem for LXC.
         Starting LSB: Record successful boot for GRUB...
         Starting LXD - container startup/shutdown...
         Starting Snap Daemon...
         Starting Accounts Service...
[[0;32m  OK  [0m] Started irqbalance daemon.
[[0;32m  OK  [0m] Started Regular background program processing daemon.
         Starting Permit User Sessions...
[[0;32m  OK  [0m] Started System Logging Service.
[[0;32m  OK  [0m] Started LXD - container startup/shutdown.
[[0;32m  OK  [0m] Started Login Service.
[[0;32m  OK  [0m] Started Unattended Upgrades Shutdown.
[[0;32m  OK  [0m] Started Permit User Sessions.
         Starting Hold until boot process finishes up...
         Starting Terminate Plymouth Boot Screen...
         Starting Authorization Manager...
[[0;32m  OK  [0m] Started Hold until boot process finishes up.
[[0;32m  OK  [0m] Started Serial Getty on ttyS0.
         Starting Set console scheme...
[[0;32m  OK  [0m] Started Terminate Plymouth Boot Screen.
[[0;32m  OK  [0m] Started LSB: automatic crash report generation.
[[0;32m  OK  [0m] Started Set console scheme.
[[0;32m  OK  [0m] Created slice system-getty.slice.
[[0;32m  OK  [0m] Started Getty on tty1.
[[0;32m  OK  [0m] Reached target Login Prompts.
[[0;32m  OK  [0m] Started LSB: Record successful boot for GRUB.
[[0;32m  OK  [0m] Started Virtualbox guest utils.
[[0;32m  OK  [0m] Started Authorization Manager.
[[0;32m  OK  [0m] Started Accounts Service.
[[0;32m  OK  [0m] Started Dispatcher daemon for systemd-networkd.
[[0;32m  OK  [0m] Started Snap Daemon.
         Starting Wait until snapd is fully seeded...
         Starting Time & Date Service...
[[0;32m  OK  [0m] Started Time & Date Service.
[[0;32m  OK  [0m] Started Pollinate to seed the pseudo random number generator.
         Starting OpenBSD Secure Shell server...
[[0;32m  OK  [0m] Started OpenBSD Secure Shell server.
[[0;32m  OK  [0m] Created slice User Slice of vagrant.
         Starting User Manager for UID 1000...
[[0;32m  OK  [0m] Started Session 1 of user vagrant.
[[0;32m  OK  [0m] Started User Manager for UID 1000.
[[0;32m  OK  [0m] Started Wait until snapd is fully seeded.
         Starting Apply the settings specified in cloud-config...
[   13.990677] cloud-init[1242]: Cloud-init v. 22.3.4-0ubuntu1~18.04.1 running 'modules:config' at Sun, 16 Oct 2022 10:52:03 +0000. Up 13.69 seconds.
[[0;32m  OK  [0m] Started Apply the settings specified in cloud-config.
[[0;32m  OK  [0m] Reached target Multi-User System.
[[0;32m  OK  [0m] Reached target Graphical Interface.
         Starting Update UTMP about System Runlevel Changes...
         Starting Execute cloud user/final scripts...
[[0;32m  OK  [0m] Started Update UTMP about System Runlevel Changes.
ci-info: no authorized SSH keys fingerprints found for user ubuntu.
<14>Oct 16 10:52:04 cloud-init: #############################################################
<14>Oct 16 10:52:04 cloud-init: -----BEGIN SSH HOST KEY FINGERPRINTS-----
<14>Oct 16 10:52:04 cloud-init: 1024 SHA256:AWM8veYiWAu/VxNVCPQ+f4xc5Cp9PqGiFsrj43vF5uw root@ubuntu-bionic (DSA)
<14>Oct 16 10:52:04 cloud-init: 256 SHA256:DlLwj6XwFOqs2/UW3x6BdbVi9EIrzj0ReloeY/Zsu64 root@ubuntu-bionic (ECDSA)
<14>Oct 16 10:52:04 cloud-init: 256 SHA256:HX9B3dOUxBmDmetEl10iWEWBsdjmSjZPTxLcs8IWp98 root@ubuntu-bionic (ED25519)
<14>Oct 16 10:52:04 cloud-init: 2048 SHA256:4wUUd3j71YSHx0frf9MJu7gm/A/0XXCyekxex1SYiz4 root@ubuntu-bionic (RSA)
<14>Oct 16 10:52:04 cloud-init: -----END SSH HOST KEY FINGERPRINTS-----
<14>Oct 16 10:52:04 cloud-init: #############################################################
-----BEGIN SSH HOST KEY KEYS-----
ecdsa-sha2-nistp256 AAAAE2VjZHNhLXNoYTItbmlzdHAyNTYAAAAIbmlzdHAyNTYAAABBBFC5jcpY1TOErJLX49aOLTpXQRnUa9vSTt4//BlTIyh5LbIZOOVOSrKehF+MD91sBoyTrSTAm+ZOtpOrIolLeew= root@ubuntu-bionic
ssh-ed25519 AAAAC3NzaC1lZDI1NTE5AAAAICX3e30N+Mr/ak/GrffPZuCW99+PLN8cRf+Em+k+ZtTt root@ubuntu-bionic
ssh-rsa AAAAB3NzaC1yc2EAAAADAQABAAABAQDME+C62FmG+GsmGxRfqTvA9jq0B8FmkZYDCexIo+Wh59Bm7CfDqvo3mrb5M93Y5es9cG84Qw1BrtCwFrquVGBrQmztgy1vlQ0CnqCE6yq/g+AdaNguWfjNswXi+fmB1B1IAFLFZr1UJ62Zj9rPGdVRKYIOm2ZJkYpcPeTSArklSco+cLV7i0HLrYyGh7yyvwlODKKQVQ7M4vJZSxiyFKJqbZB5NdmWdSaJm3hx2PMpqIK0Pln7suOABhQW3oNXU1MtmanfqPL+AHlAYDdiWC3OCWfF1+gHGtsFAgreMBMnSjMWeToVxBns6VvBorDkdBPC8o4KtEK0q9F3x/TbQR3L root@ubuntu-bionic
-----END SSH HOST KEY KEYS-----
[   14.602828] cloud-init[1343]: Cloud-init v. 22.3.4-0ubuntu1~18.04.1 running 'modules:final' at Sun, 16 Oct 2022 10:52:04 +0000. Up 14.39 seconds.
[   14.603916] cloud-init[1343]: Cloud-init v. 22.3.4-0ubuntu1~18.04.1 finished at Sun, 16 Oct 2022 10:52:04 +0000. Datasource DataSourceNoCloud [seed=/dev/sdb][dsmode=net].  Up 14.59 seconds

Ubuntu 18.04.6 LTS ubuntu-bionic ttyS0

ubuntu-bionic login: 